Starting headless simulation (GPU compute enabled)...
  Speed: 10x, Max ticks: 5000
  Neural logging: enabled (detail=true)

[BIRTH] Entity 87 @ (1083,101): gen=1, nodes=34, genes=338, species=1
[BIRTH] Entity 88 @ (1080,479): gen=1, nodes=34, genes=103, species=2 [SPECIATED: 3->2]
[BIRTH] Entity 89 @ (445,640): gen=1, nodes=34, genes=329, species=3 [SPECIATED: 1->3]
[BIRTH] Entity 90 @ (229,59): gen=1, nodes=34, genes=21, species=1
[DEATH] Entity 14: gen=0, species=6, fitness=-0.00, survived=439 ticks
[BIRTH] Entity 91 @ (1240,107): gen=1, nodes=34, genes=339, species=1
╔══════════════════════════════════════════════════════════════════╗
║ NEURAL EVOLUTION @ Tick 500 (Gen 0)                              
╠══════════════════════════════════════════════════════════════════╣
║ Species: 8 | Total Members: 89 | Best Fitness: 0.69
║ Total Offspring: 5 | Avg Staleness: 0.0
╠══════════════════════════════════════════════════════════════════╣
║ Neural Organisms: 89
║ Brain Complexity:
║   Nodes: avg=34.0, min=34, max=34
║   Genes: avg=150.9, min=17, max=339
╠══════════════════════════════════════════════════════════════════╣
║ TOP SPECIES:
║   #1: Species 1 - 35 members, age=0, stale=0, fit=0.7, offspring=4
║   #2: Species 2 - 20 members, age=0, stale=0, fit=0.7, offspring=0
║   #3: Species 3 - 16 members, age=0, stale=0, fit=0.7, offspring=1
║   #4: Species 5 - 8 members, age=0, stale=0, fit=0.6, offspring=0
║   #5: Species 4 - 6 members, age=0, stale=0, fit=0.6, offspring=0
║   #6: Species 6 - 2 members, age=0, stale=0, fit=0.7, offspring=0
║   #7: Species 7 - 1 members, age=0, stale=0, fit=0.1, offspring=0
║   #8: Species 8 - 1 members, age=0, stale=0, fit=0.4, offspring=0
╠══════════════════════════════════════════════════════════════════╣
║ DETAILED ORGANISM DATA (sample of 10):
║   Entity 2 @ (468,654) v=(0.1,0.2) spd=0.3 mode=BREED: species=1, gen=0, cells=4, energy=246/317
║   Entity 3 @ (469,645) v=(-0.0,1.4) spd=1.4 mode=BREED: species=1, gen=0, cells=4, energy=192/417
║   Entity 4 @ (10,168) v=(0.9,-0.1) spd=0.9 mode=BREED: species=2, gen=0, cells=5, energy=301/445
║   Entity 5 @ (444,627) v=(0.0,0.0) spd=0.0 mode=SURVIVE: species=1, gen=0, cells=4, energy=0/383
║   Entity 6 @ (443,620) v=(0.1,0.0) spd=0.1 mode=BREED: species=2, gen=0, cells=4, energy=195/360
║   Entity 7 @ (252,57) v=(0.8,-0.8) spd=1.1 mode=BREED: species=3, gen=0, cells=5, energy=176/385
║   Entity 8 @ (449,632) v=(0.1,0.2) spd=0.2 mode=BREED: species=1, gen=0, cells=4, energy=302/302
║   Entity 9 @ (1277,160) v=(0.5,1.0) spd=1.1 mode=BREED: species=4, gen=0, cells=4, energy=197/373
║   Entity 10 @ (791,646) v=(0.1,0.3) spd=0.3 mode=SURVIVE: species=5, gen=0, cells=3, energy=87/250
║   Entity 11 @ (631,494) v=(-0.8,0.2) spd=0.8 mode=BREED: species=5, gen=0, cells=4, energy=196/381
╚══════════════════════════════════════════════════════════════════╝

[DEATH] Entity 72: gen=0, species=1, fitness=-0.00, survived=509 ticks
[DEATH] Entity 5: gen=0, species=1, fitness=-0.00, survived=515 ticks
[DEATH] Entity 89: gen=1, species=3, fitness=-0.00, survived=534 ticks
[BIRTH] Entity 92 @ (348,31): gen=1, nodes=34, genes=42, species=1
[DEATH] Entity 66: gen=0, species=1, fitness=-0.00, survived=568 ticks
[DEATH] Entity 60: gen=0, species=1, fitness=-0.00, survived=637 ticks
[BIRTH] Entity 93 @ (93,160): gen=1, nodes=34, genes=124, species=1
[DEATH] Entity 49: gen=0, species=2, fitness=-0.00, survived=649 ticks
[BIRTH] Entity 94 @ (378,20): gen=1, nodes=34, genes=50, species=3 [SPECIATED: 1->3]
[DEATH] Entity 33: gen=0, species=3, fitness=-0.00, survived=707 ticks
[DEATH] Entity 47: gen=0, species=3, fitness=-0.00, survived=840 ticks
[BIRTH] Entity 95 @ (422,27): gen=1, nodes=34, genes=38, species=4 [SPECIATED: 1->4]
[DEATH] Entity 95: gen=1, species=4, fitness=-0.00, survived=934 ticks
[DEATH] Entity 21: gen=0, species=3, fitness=-0.00, survived=965 ticks
[DEATH] Entity 86: gen=0, species=1, fitness=-0.00, survived=975 ticks
╔══════════════════════════════════════════════════════════════════╗
║ NEURAL EVOLUTION @ Tick 1000 (Gen 0)                              
╠══════════════════════════════════════════════════════════════════╣
║ Species: 8 | Total Members: 82 | Best Fitness: 1.10
║ Total Offspring: 9 | Avg Staleness: 0.0
╠══════════════════════════════════════════════════════════════════╣
║ Neural Organisms: 82
║ Brain Complexity:
║   Nodes: avg=34.0, min=34, max=34
║   Genes: avg=151.0, min=17, max=339
╠══════════════════════════════════════════════════════════════════╣
║ TOP SPECIES:
║   #1: Species 1 - 32 members, age=0, stale=0, fit=1.1, offspring=8
║   #2: Species 2 - 19 members, age=0, stale=0, fit=1.1, offspring=0
║   #3: Species 3 - 13 members, age=0, stale=0, fit=1.1, offspring=1
║   #4: Species 5 - 8 members, age=0, stale=0, fit=1.0, offspring=0
║   #5: Species 4 - 6 members, age=0, stale=0, fit=1.0, offspring=0
║   #6: Species 6 - 2 members, age=0, stale=0, fit=1.1, offspring=0
║   #7: Species 7 - 1 members, age=0, stale=0, fit=0.2, offspring=0
║   #8: Species 8 - 1 members, age=0, stale=0, fit=1.0, offspring=0
╠══════════════════════════════════════════════════════════════════╣
║ DETAILED ORGANISM DATA (sample of 10):
║   Entity 2 @ (614,647) v=(1.0,0.1) spd=1.0 mode=BREED: species=1, gen=0, cells=4, energy=214/317
║   Entity 3 @ (698,649) v=(1.4,-0.1) spd=1.4 mode=BREED: species=1, gen=0, cells=4, energy=416/417
║   Entity 4 @ (321,15) v=(0.1,0.0) spd=0.1 mode=BREED: species=2, gen=0, cells=5, energy=445/445
║   Entity 6 @ (509,633) v=(0.3,1.1) spd=1.2 mode=BREED: species=2, gen=0, cells=4, energy=194/360
║   Entity 7 @ (437,15) v=(0.1,0.0) spd=0.1 mode=BREED: species=3, gen=0, cells=5, energy=228/385
║   Entity 8 @ (586,672) v=(1.1,0.0) spd=1.1 mode=BREED: species=1, gen=0, cells=4, energy=302/302
║   Entity 9 @ (329,15) v=(0.1,0.0) spd=0.1 mode=BREED: species=4, gen=0, cells=4, energy=194/373
║   Entity 10 @ (836,653) v=(0.1,0.3) spd=0.3 mode=SURVIVE: species=5, gen=0, cells=3, energy=76/250
║   Entity 11 @ (617,662) v=(0.8,-0.2) spd=0.8 mode=SURVIVE: species=5, gen=0, cells=4, energy=24/381
║   Entity 12 @ (330,15) v=(0.1,0.0) spd=0.1 mode=SURVIVE: species=6, gen=0, cells=4, energy=21/385
╚══════════════════════════════════════════════════════════════════╝

[BIRTH] Entity 96 @ (434,-1): gen=1, nodes=34, genes=18, species=1
[DEATH] Entity 15: gen=0, species=2, fitness=-0.00, survived=1041 ticks
[BIRTH] Entity 5 @ (256,36): gen=1, nodes=34, genes=207, species=4 [SPECIATED: 2->4]
[DEATH] Entity 90: gen=1, species=1, fitness=-0.00, survived=1142 ticks
[DEATH] Entity 12: gen=0, species=6, fitness=-0.00, survived=1145 ticks
[BIRTH] Entity 89 @ (499,6): gen=1, nodes=34, genes=17, species=1
[DEATH] Entity 5: gen=1, species=4, fitness=-0.00, survived=1209 ticks
[DEATH] Entity 46: gen=0, species=1, fitness=-0.00, survived=1219 ticks
[BIRTH] Entity 60 @ (294,15): gen=1, nodes=34, genes=192, species=4 [SPECIATED: 2->4]
[BIRTH] Entity 33 @ (539,35): gen=1, nodes=34, genes=65, species=4 [SPECIATED: 1->4]
[BIRTH] Entity 49 @ (309,15): gen=1, nodes=34, genes=185, species=3 [SPECIATED: 2->3]
[DEATH] Entity 74: gen=0, species=2, fitness=-0.00, survived=1402 ticks
[DEATH] Entity 89: gen=1, species=1, fitness=-0.00, survived=1447 ticks
[BIRTH] Entity 47 @ (564,3): gen=1, nodes=34, genes=45, species=4 [SPECIATED: 1->4]
[BIRTH] Entity 66 @ (321,15): gen=1, nodes=34, genes=169, species=2
╔══════════════════════════════════════════════════════════════════╗
║ NEURAL EVOLUTION @ Tick 1500 (Gen 0)                              
╠══════════════════════════════════════════════════════════════════╣
║ Species: 8 | Total Members: 83 | Best Fitness: 1.39
║ Total Offspring: 17 | Avg Staleness: 0.0
╠══════════════════════════════════════════════════════════════════╣
║ Neural Organisms: 83
║ Brain Complexity:
║   Nodes: avg=34.0, min=34, max=34
║   Genes: avg=145.3, min=17, max=339
╠══════════════════════════════════════════════════════════════════╣
║ TOP SPECIES:
║   #1: Species 1 - 31 members, age=0, stale=0, fit=1.4, offspring=12
║   #2: Species 2 - 18 members, age=0, stale=0, fit=1.4, offspring=4
║   #3: Species 3 - 14 members, age=0, stale=0, fit=1.4, offspring=1
║   #4: Species 4 - 9 members, age=0, stale=0, fit=1.0, offspring=0
║   #5: Species 5 - 8 members, age=0, stale=0, fit=1.2, offspring=0
║   #6: Species 6 - 1 members, age=0, stale=0, fit=1.4, offspring=0
║   #7: Species 7 - 1 members, age=0, stale=0, fit=0.2, offspring=0
║   #8: Species 8 - 1 members, age=0, stale=0, fit=1.4, offspring=0
╠══════════════════════════════════════════════════════════════════╣
║ DETAILED ORGANISM DATA (sample of 10):
║   Entity 2 @ (882,679) v=(0.1,1.0) spd=1.0 mode=BREED: species=1, gen=0, cells=4, energy=230/317
║   Entity 3 @ (1043,546) v=(-0.1,-1.4) spd=1.4 mode=BREED: species=1, gen=0, cells=4, energy=409/417
║   Entity 4 @ (405,15) v=(0.1,0.0) spd=0.1 mode=BREED: species=2, gen=0, cells=5, energy=440/445
║   Entity 94 @ (630,15) v=(0.1,0.0) spd=0.1 mode=SURVIVE: species=3, gen=1, cells=16, energy=102/1105
║   Entity 6 @ (869,642) v=(0.4,1.1) spd=1.2 mode=BREED: species=2, gen=0, cells=4, energy=192/360
║   Entity 7 @ (580,15) v=(0.1,0.0) spd=0.1 mode=SURVIVE: species=3, gen=0, cells=5, energy=51/385
║   Entity 8 @ (928,656) v=(0.6,0.9) spd=1.1 mode=BREED: species=1, gen=0, cells=4, energy=302/302
║   Entity 9 @ (401,15) v=(0.0,0.0) spd=0.0 mode=BREED: species=4, gen=0, cells=4, energy=191/373
║   Entity 10 @ (867,657) v=(0.1,0.2) spd=0.2 mode=SURVIVE: species=5, gen=0, cells=3, energy=19/250
║   Entity 11 @ (889,646) v=(0.3,0.8) spd=0.8 mode=SURVIVE: species=5, gen=0, cells=4, energy=1/381
╚══════════════════════════════════════════════════════════════════╝

[DEATH] Entity 60: gen=1, species=4, fitness=-0.00, survived=1503 ticks
[DEATH] Entity 17: gen=0, species=1, fitness=-0.00, survived=1512 ticks
[DEATH] Entity 29: gen=0, species=1, fitness=-0.00, survived=1541 ticks
[BIRTH] Entity 86 @ (330,15): gen=1, nodes=34, genes=307, species=2
[DEATH] Entity 23: gen=0, species=5, fitness=-0.00, survived=1628 ticks
[BIRTH] Entity 21 @ (577,6): gen=1, nodes=34, genes=48, species=8 [SPECIATED: 1->8]
[DEATH] Entity 57: gen=0, species=1, fitness=-0.00, survived=1664 ticks
[DEATH] Entity 11: gen=0, species=5, fitness=-0.00, survived=1689 ticks
[DEATH] Entity 52: gen=0, species=7, fitness=-0.00, survived=1693 ticks
[DEATH] Entity 63: gen=0, species=3, fitness=-0.00, survived=1710 ticks
[DEATH] Entity 86: gen=1, species=2, fitness=-0.00, survived=1716 ticks
[BIRTH] Entity 15 @ (334,15): gen=1, nodes=34, genes=68, species=9 [SPECIATED: 2->9]
[BIRTH] Entity 12 @ (620,34): gen=1, nodes=34, genes=21, species=1
[DEATH] Entity 93: gen=1, species=1, fitness=-0.00, survived=1835 ticks
[DEATH] Entity 39: gen=0, species=1, fitness=-0.00, survived=1848 ticks
[BIRTH] Entity 46 @ (335,15): gen=1, nodes=34, genes=187, species=4 [SPECIATED: 2->4]
[DEATH] Entity 55: gen=0, species=5, fitness=-0.00, survived=1857 ticks
[BIRTH] Entity 5 @ (623,33): gen=1, nodes=34, genes=21, species=1
[DEATH] Entity 12: gen=1, species=1, fitness=-0.00, survived=1966 ticks
[BIRTH] Entity 90 @ (332,15): gen=1, nodes=34, genes=125, species=5 [SPECIATED: 2->5]
[DEATH] Entity 16: gen=0, species=3, fitness=-0.00, survived=1995 ticks
╔══════════════════════════════════════════════════════════════════╗
║ NEURAL EVOLUTION @ Tick 2000 (Gen 0)                              
╠══════════════════════════════════════════════════════════════════╣
║ Species: 9 | Total Members: 76 | Best Fitness: 1.61
║ Total Offspring: 24 | Avg Staleness: 0.0
╠══════════════════════════════════════════════════════════════════╣
║ Neural Organisms: 76
║ Brain Complexity:
║   Nodes: avg=34.0, min=34, max=34
║   Genes: avg=141.4, min=17, max=339
╠══════════════════════════════════════════════════════════════════╣
║ TOP SPECIES:
║   #1: Species 1 - 27 members, age=0, stale=0, fit=1.6, offspring=15
║   #2: Species 2 - 18 members, age=0, stale=0, fit=1.6, offspring=8
║   #3: Species 3 - 12 members, age=0, stale=0, fit=1.6, offspring=1
║   #4: Species 4 - 9 members, age=0, stale=0, fit=1.0, offspring=0
║   #5: Species 5 - 6 members, age=0, stale=0, fit=1.3, offspring=0
║   #6: Species 8 - 2 members, age=0, stale=0, fit=1.6, offspring=0
║   #7: Species 6 - 1 members, age=0, stale=0, fit=1.5, offspring=0
║   #8: Species 9 - 1 members, age=0, stale=0, fit=0.3, offspring=0
║   #9: Species 7 - 0 members, age=0, stale=0, fit=0.2, offspring=0
╠══════════════════════════════════════════════════════════════════╣
║ DETAILED ORGANISM DATA (sample of 10):
║   Entity 2 @ (1035,574) v=(-0.0,-1.0) spd=1.0 mode=BREED: species=1, gen=0, cells=4, energy=232/317
║   Entity 3 @ (38,160) v=(0.9,-1.1) spd=1.4 mode=BREED: species=1, gen=0, cells=4, energy=417/417
║   Entity 4 @ (436,15) v=(-0.0,0.0) spd=0.0 mode=BREED: species=2, gen=0, cells=5, energy=230/445
║   Entity 94 @ (720,15) v=(0.1,0.0) spd=0.1 mode=SURVIVE: species=3, gen=1, cells=16, energy=134/1105
║   Entity 6 @ (1056,270) v=(-0.4,-1.1) spd=1.2 mode=BREED: species=2, gen=0, cells=4, energy=187/360
║   Entity 7 @ (667,15) v=(0.1,0.0) spd=0.1 mode=SURVIVE: species=3, gen=0, cells=5, energy=62/385
║   Entity 8 @ (1049,245) v=(-0.2,-1.1) spd=1.1 mode=BREED: species=1, gen=0, cells=4, energy=302/302
║   Entity 9 @ (423,15) v=(-0.0,0.0) spd=0.0 mode=BREED: species=4, gen=0, cells=4, energy=188/373
║   Entity 10 @ (904,659) v=(0.1,0.3) spd=0.3 mode=SURVIVE: species=5, gen=0, cells=3, energy=36/250
║   Entity 13 @ (883,666) v=(0.1,0.2) spd=0.3 mode=BREED: species=4, gen=0, cells=1, energy=105/165
╚══════════════════════════════════════════════════════════════════╝

[DEATH] Entity 45: gen=0, species=3, fitness=-0.00, survived=2055 ticks
[BIRTH] Entity 89 @ (645,29): gen=1, nodes=34, genes=220, species=3 [SPECIATED: 1->3]
[DEATH] Entity 34: gen=0, species=5, fitness=-0.00, survived=2148 ticks
[DEATH] Entity 21: gen=1, species=8, fitness=-0.00, survived=2200 ticks
[DEATH] Entity 44: gen=0, species=3, fitness=-0.00, survived=2224 ticks
[BIRTH] Entity 23 @ (639,24): gen=1, nodes=34, genes=236, species=2 [SPECIATED: 1->2]
[DEATH] Entity 18: gen=0, species=3, fitness=-0.00, survived=2343 ticks
[BIRTH] Entity 86 @ (640,12): gen=1, nodes=34, genes=21, species=1
[DEATH] Entity 5: gen=1, species=1, fitness=-0.00, survived=2426 ticks
[DEATH] Entity 92: gen=1, species=1, fitness=-0.00, survived=2461 ticks
[DEATH] Entity 75: gen=0, species=2, fitness=-0.00, survived=2466 ticks
[BIRTH] Entity 55 @ (222,34): gen=2, nodes=34, genes=231, species=2
[DEATH] Entity 84: gen=0, species=1, fitness=-0.00, survived=2474 ticks
[DEATH] Entity 90: gen=1, species=5, fitness=-0.00, survived=2496 ticks
╔══════════════════════════════════════════════════════════════════╗
║ NEURAL EVOLUTION @ Tick 2500 (Gen 0)                              
╠══════════════════════════════════════════════════════════════════╣
║ Species: 9 | Total Members: 70 | Best Fitness: 1.79
║ Total Offspring: 28 | Avg Staleness: 0.0
╠══════════════════════════════════════════════════════════════════╣
║ Neural Organisms: 70
║ Brain Complexity:
║   Nodes: avg=34.0, min=34, max=34
║   Genes: avg=146.0, min=17, max=339
╠══════════════════════════════════════════════════════════════════╣
║ TOP SPECIES:
║   #1: Species 1 - 25 members, age=0, stale=0, fit=1.8, offspring=18
║   #2: Species 2 - 19 members, age=0, stale=0, fit=1.8, offspring=9
║   #3: Species 3 - 10 members, age=0, stale=0, fit=1.7, offspring=1
║   #4: Species 4 - 9 members, age=0, stale=0, fit=1.1, offspring=0
║   #5: Species 5 - 4 members, age=0, stale=0, fit=1.3, offspring=0
║   #6: Species 6 - 1 members, age=0, stale=0, fit=1.7, offspring=0
║   #7: Species 8 - 1 members, age=0, stale=0, fit=1.8, offspring=0
║   #8: Species 9 - 1 members, age=0, stale=0, fit=0.3, offspring=0
║   #9: Species 7 - 0 members, age=0, stale=0, fit=0.2, offspring=0
╠══════════════════════════════════════════════════════════════════╣
║ DETAILED ORGANISM DATA (sample of 10):
║   Entity 2 @ (1139,129) v=(0.9,-0.3) spd=1.0 mode=BREED: species=1, gen=0, cells=4, energy=160/317
║   Entity 3 @ (251,15) v=(-0.0,0.0) spd=0.0 mode=BREED: species=1, gen=0, cells=4, energy=412/417
║   Entity 4 @ (377,15) v=(-0.1,0.0) spd=0.1 mode=BREED: species=2, gen=0, cells=5, energy=221/445
║   Entity 94 @ (841,48) v=(0.2,0.4) spd=0.4 mode=SURVIVE: species=3, gen=1, cells=16, energy=65/1105
║   Entity 6 @ (189,52) v=(0.8,-0.8) spd=1.2 mode=BREED: species=2, gen=0, cells=4, energy=182/360
║   Entity 7 @ (691,15) v=(-0.0,0.0) spd=0.0 mode=SURVIVE: species=3, gen=0, cells=5, energy=51/385
║   Entity 8 @ (186,56) v=(0.8,-0.8) spd=1.1 mode=BREED: species=1, gen=0, cells=4, energy=300/302
║   Entity 9 @ (371,15) v=(-0.1,0.0) spd=0.1 mode=BREED: species=4, gen=0, cells=4, energy=185/373
║   Entity 10 @ (984,642) v=(0.3,0.0) spd=0.3 mode=SURVIVE: species=5, gen=0, cells=3, energy=9/250
║   Entity 88 @ (211,28) v=(0.2,-0.3) spd=0.4 mode=SURVIVE: species=2, gen=1, cells=16, energy=732/1066
╚══════════════════════════════════════════════════════════════════╝

[DEATH] Entity 78: gen=0, species=1, fitness=-0.00, survived=2510 ticks
[DEATH] Entity 26: gen=0, species=1, fitness=-0.00, survived=2527 ticks
[DEATH] Entity 43: gen=0, species=1, fitness=-0.00, survived=2532 ticks
[DEATH] Entity 40: gen=0, species=1, fitness=-0.00, survived=2540 ticks
[DEATH] Entity 42: gen=0, species=3, fitness=-0.00, survived=2549 ticks
[DEATH] Entity 47: gen=1, species=4, fitness=-0.00, survived=2580 ticks
[BIRTH] Entity 16 @ (248,15): gen=2, nodes=34, genes=95, species=1 [SPECIATED: 2->1]
[DEATH] Entity 70: gen=0, species=1, fitness=-0.00, survived=2661 ticks
[DEATH] Entity 61: gen=0, species=2, fitness=-0.00, survived=2698 ticks
[DEATH] Entity 30: gen=0, species=5, fitness=-0.00, survived=2716 ticks
[DEATH] Entity 50: gen=0, species=1, fitness=-0.00, survived=2739 ticks
[DEATH] Entity 66: gen=1, species=2, fitness=-0.00, survived=2781 ticks
[DEATH] Entity 15: gen=1, species=9, fitness=-0.00, survived=2784 ticks
[DEATH] Entity 91: gen=1, species=1, fitness=-0.00, survived=2791 ticks
[BIRTH] Entity 44 @ (240,15): gen=2, nodes=34, genes=84, species=4 [SPECIATED: 2->4]
[DEATH] Entity 76: gen=0, species=2, fitness=-0.00, survived=2909 ticks
[DEATH] Entity 44: gen=2, species=4, fitness=-0.00, survived=2936 ticks
[DEATH] Entity 94: gen=1, species=3, fitness=-0.00, survived=2957 ticks
[BIRTH] Entity 18 @ (254,25): gen=1, nodes=34, genes=26, species=1
╔══════════════════════════════════════════════════════════════════╗
║ NEURAL EVOLUTION @ Tick 3000 (Gen 1)                              
╠══════════════════════════════════════════════════════════════════╣
║ Species: 7 | Total Members: 57 | Best Fitness: 1.95
║ Total Offspring: 31 | Avg Staleness: 1.0
╠══════════════════════════════════════════════════════════════════╣
║ Neural Organisms: 57
║ Brain Complexity:
║   Nodes: avg=34.0, min=34, max=34
║   Genes: avg=141.5, min=17, max=338
╠══════════════════════════════════════════════════════════════════╣
║ TOP SPECIES:
║   #1: Species 1 - 20 members, age=1, stale=1, fit=1.9, offspring=19
║   #2: Species 2 - 16 members, age=1, stale=1, fit=1.9, offspring=11
║   #3: Species 3 - 8 members, age=1, stale=1, fit=1.7, offspring=1
║   #4: Species 4 - 8 members, age=1, stale=1, fit=1.2, offspring=0
║   #5: Species 5 - 3 members, age=1, stale=1, fit=1.3, offspring=0
║   #6: Species 6 - 1 members, age=1, stale=1, fit=1.9, offspring=0
║   #7: Species 8 - 1 members, age=1, stale=1, fit=1.9, offspring=0
╠══════════════════════════════════════════════════════════════════╣
║ DETAILED ORGANISM DATA (sample of 10):
║   Entity 2 @ (216,15) v=(0.0,0.0) spd=0.0 mode=BREED: species=1, gen=0, cells=4, energy=158/317
║   Entity 3 @ (237,15) v=(-0.0,0.0) spd=0.0 mode=BREED: species=1, gen=0, cells=4, energy=414/417
║   Entity 4 @ (257,15) v=(-0.1,0.0) spd=0.1 mode=BREED: species=2, gen=0, cells=5, energy=169/445
║   Entity 6 @ (233,15) v=(-0.0,0.0) spd=0.0 mode=BREED: species=2, gen=0, cells=4, energy=179/360
║   Entity 7 @ (664,15) v=(-0.0,0.0) spd=0.0 mode=SURVIVE: species=3, gen=0, cells=5, energy=40/385
║   Entity 8 @ (233,15) v=(-0.0,0.0) spd=0.0 mode=BREED: species=1, gen=0, cells=4, energy=299/302
║   Entity 9 @ (270,15) v=(-0.1,0.0) spd=0.1 mode=BREED: species=4, gen=0, cells=4, energy=181/373
║   Entity 10 @ (1034,527) v=(0.1,-0.3) spd=0.3 mode=SURVIVE: species=5, gen=0, cells=3, energy=8/250
║   Entity 88 @ (233,15) v=(-0.0,0.0) spd=0.0 mode=SURVIVE: species=2, gen=1, cells=16, energy=896/1066
║   Entity 85 @ (1117,157) v=(0.7,-0.5) spd=0.9 mode=BREED: species=5, gen=0, cells=5, energy=169/375
╚══════════════════════════════════════════════════════════════════╝

[BIRTH] Entity 90 @ (232,15): gen=2, nodes=34, genes=194, species=5 [SPECIATED: 2->5]
[BIRTH] Entity 78 @ (224,29): gen=3, nodes=34, genes=132, species=2
[DEATH] Entity 2: gen=0, species=1, fitness=-0.00, survived=3132 ticks
[DEATH] Entity 24: gen=0, species=1, fitness=-0.00, survived=3153 ticks
[DEATH] Entity 13: gen=0, species=4, fitness=1.23, survived=3187 ticks
[BIRTH] Entity 47 @ (228,15): gen=2, nodes=34, genes=133, species=5 [SPECIATED: 2->5]
[DEATH] Entity 71: gen=0, species=3, fitness=-0.00, survived=3239 ticks
[DEATH] Entity 27: gen=0, species=1, fitness=-0.00, survived=3242 ticks
[DEATH] Entity 81: gen=0, species=3, fitness=-0.00, survived=3247 ticks
[DEATH] Entity 4: gen=0, species=2, fitness=-0.00, survived=3249 ticks
[DEATH] Entity 49: gen=1, species=3, fitness=-0.00, survived=3289 ticks
[DEATH] Entity 18: gen=1, species=1, fitness=-0.00, survived=3329 ticks
[BIRTH] Entity 30 @ (203,12): gen=3, nodes=34, genes=211, species=2
[DEATH] Entity 48: gen=0, species=2, fitness=-0.00, survived=3339 ticks
[BIRTH] Entity 50 @ (223,15): gen=2, nodes=34, genes=48, species=8 [SPECIATED: 2->8]
[DEATH] Entity 68: gen=0, species=2, fitness=-0.00, survived=3363 ticks
[DEATH] Entity 20: gen=0, species=2, fitness=-0.00, survived=3421 ticks
[BIRTH] Entity 91 @ (204,11): gen=4, nodes=34, genes=178, species=2
[DEATH] Entity 25: gen=0, species=1, fitness=-0.00, survived=3442 ticks
[BIRTH] Entity 15 @ (219,15): gen=2, nodes=34, genes=225, species=6 [SPECIATED: 2->6]
[DEATH] Entity 82: gen=0, species=1, fitness=-0.00, survived=3472 ticks
[DEATH] Entity 51: gen=0, species=2, fitness=-0.00, survived=3486 ticks
╔══════════════════════════════════════════════════════════════════╗
║ NEURAL EVOLUTION @ Tick 3500 (Gen 1)                              
╠══════════════════════════════════════════════════════════════════╣
║ Species: 7 | Total Members: 49 | Best Fitness: 2.08
║ Total Offspring: 38 | Avg Staleness: 0.1
╠══════════════════════════════════════════════════════════════════╣
║ Neural Organisms: 49
║ Brain Complexity:
║   Nodes: avg=34.0, min=34, max=34
║   Genes: avg=132.0, min=17, max=338
╠══════════════════════════════════════════════════════════════════╣
║ TOP SPECIES:
║   #1: Species 1 - 14 members, age=1, stale=0, fit=2.1, offspring=19
║   #2: Species 2 - 14 members, age=1, stale=0, fit=2.1, offspring=18
║   #3: Species 4 - 7 members, age=1, stale=0, fit=1.2, offspring=0
║   #4: Species 3 - 5 members, age=1, stale=0, fit=2.1, offspring=1
║   #5: Species 5 - 5 members, age=1, stale=1, fit=1.3, offspring=0
║   #6: Species 6 - 2 members, age=1, stale=0, fit=2.1, offspring=0
║   #7: Species 8 - 2 members, age=1, stale=0, fit=2.0, offspring=0
╠══════════════════════════════════════════════════════════════════╣
║ DETAILED ORGANISM DATA (sample of 10):
║   Entity 3 @ (219,15) v=(-0.0,0.0) spd=0.0 mode=BREED: species=1, gen=0, cells=4, energy=258/417
║   Entity 6 @ (218,15) v=(-0.0,0.0) spd=0.0 mode=BREED: species=2, gen=0, cells=4, energy=179/360
║   Entity 7 @ (615,15) v=(-0.1,0.0) spd=0.1 mode=SURVIVE: species=3, gen=0, cells=5, energy=30/385
║   Entity 8 @ (217,15) v=(-0.0,0.0) spd=0.0 mode=BREED: species=1, gen=0, cells=4, energy=276/302
║   Entity 9 @ (221,15) v=(-0.0,0.0) spd=0.0 mode=BREED: species=4, gen=0, cells=4, energy=178/373
║   Entity 10 @ (1091,399) v=(0.1,-0.3) spd=0.3 mode=SURVIVE: species=5, gen=0, cells=2, energy=13/200
║   Entity 88 @ (218,15) v=(-0.0,0.0) spd=0.0 mode=SURVIVE: species=2, gen=1, cells=16, energy=889/1066
║   Entity 85 @ (193,15) v=(0.1,0.0) spd=0.1 mode=BREED: species=5, gen=0, cells=5, energy=163/375
║   Entity 96 @ (614,15) v=(-0.0,0.0) spd=0.0 mode=BREED: species=1, gen=1, cells=16, energy=497/900
║   Entity 80 @ (219,15) v=(-0.0,0.0) spd=0.0 mode=BREED: species=6, gen=0, cells=5, energy=427/427
╚══════════════════════════════════════════════════════════════════╝

[DEATH] Entity 59: gen=0, species=1, fitness=-0.00, survived=3526 ticks
[DEATH] Entity 83: gen=0, species=2, fitness=-0.00, survived=3536 ticks
[DEATH] Entity 35: gen=0, species=2, fitness=-0.00, survived=3545 ticks
[DEATH] Entity 77: gen=0, species=4, fitness=0.19, survived=3575 ticks
[BIRTH] Entity 94 @ (215,15): gen=4, nodes=34, genes=189, species=2
[DEATH] Entity 94: gen=4, species=2, fitness=-0.00, survived=3588 ticks
[BIRTH] Entity 44 @ (229,11): gen=2, nodes=34, genes=66, species=2
[DEATH] Entity 85: gen=0, species=5, fitness=-0.00, survived=3608 ticks
[BIRTH] Entity 76 @ (212,15): gen=3, nodes=34, genes=247, species=2
[BIRTH] Entity 66 @ (231,-3): gen=4, nodes=34, genes=170, species=2
[BIRTH] Entity 61 @ (601,2): gen=1, nodes=34, genes=17, species=1
[DEATH] Entity 67: gen=0, species=3, fitness=-0.00, survived=3725 ticks
[DEATH] Entity 7: gen=0, species=3, fitness=0.28, survived=3755 ticks
[DEATH] Entity 3: gen=0, species=1, fitness=0.00, survived=3788 ticks
[DEATH] Entity 22: gen=0, species=2, fitness=0.10, survived=3801 ticks
[BIRTH] Entity 13 @ (195,17): gen=2, nodes=34, genes=103, species=2
[DEATH] Entity 54: gen=0, species=4, fitness=1.83, survived=3846 ticks
[BIRTH] Entity 4 @ (209,15): gen=4, nodes=34, genes=171, species=2
[DEATH] Entity 36: gen=0, species=1, fitness=2.18, survived=3927 ticks
[DEATH] Entity 16: gen=2, species=1, fitness=-0.00, survived=3970 ticks
[DEATH] Entity 53: gen=0, species=1, fitness=1.72, survived=3970 ticks
[BIRTH] Entity 68 @ (206,15): gen=3, nodes=34, genes=177, species=2
[BIRTH] Entity 48 @ (218,19): gen=4, nodes=34, genes=132, species=2
[DEATH] Entity 61: gen=1, species=1, fitness=-0.00, survived=3987 ticks
╔══════════════════════════════════════════════════════════════════╗
║ NEURAL EVOLUTION @ Tick 4000 (Gen 1)                              
╠══════════════════════════════════════════════════════════════════╣
║ Species: 7 | Total Members: 43 | Best Fitness: 2.51
║ Total Offspring: 47 | Avg Staleness: 0.1
╠══════════════════════════════════════════════════════════════════╣
║ Neural Organisms: 43
║ Brain Complexity:
║   Nodes: avg=34.0, min=34, max=34
║   Genes: avg=128.0, min=17, max=338
╠══════════════════════════════════════════════════════════════════╣
║ TOP SPECIES:
║   #1: Species 2 - 18 members, age=1, stale=0, fit=2.2, offspring=26
║   #2: Species 1 - 9 members, age=1, stale=0, fit=2.2, offspring=20
║   #3: Species 4 - 5 members, age=1, stale=0, fit=2.2, offspring=0
║   #4: Species 5 - 4 members, age=1, stale=1, fit=1.3, offspring=0
║   #5: Species 3 - 3 members, age=1, stale=0, fit=2.1, offspring=1
║   #6: Species 6 - 2 members, age=1, stale=0, fit=2.5, offspring=0
║   #7: Species 8 - 2 members, age=1, stale=0, fit=2.1, offspring=0
╠══════════════════════════════════════════════════════════════════╣
║ DETAILED ORGANISM DATA (sample of 10):
║   Entity 65 @ (1036,624) v=(0.1,-0.2) spd=0.3 mode=BREED: species=3, gen=0, cells=1, energy=62/150
║   Entity 64 @ (205,15) v=(-0.0,0.0) spd=0.0 mode=SURVIVE: species=3, gen=0, cells=2, energy=0/210
║   Entity 6 @ (206,15) v=(-0.0,0.0) spd=0.0 mode=BREED: species=2, gen=0, cells=2, energy=102/231
║   Entity 8 @ (205,15) v=(-0.0,0.0) spd=0.0 mode=BREED: species=1, gen=0, cells=3, energy=239/251
║   Entity 9 @ (206,15) v=(-0.0,0.0) spd=0.0 mode=BREED: species=4, gen=0, cells=1, energy=168/169
║   Entity 10 @ (1090,262) v=(0.0,-0.3) spd=0.3 mode=SURVIVE: species=5, gen=0, cells=2, energy=11/200
║   Entity 88 @ (206,15) v=(-0.0,0.0) spd=0.0 mode=SURVIVE: species=2, gen=1, cells=13, energy=900/915
║   Entity 76 @ (205,15) v=(-0.0,0.0) spd=0.0 mode=SURVIVE: species=2, gen=3, cells=16, energy=96/1366
║   Entity 96 @ (563,15) v=(-0.1,0.0) spd=0.1 mode=BREED: species=1, gen=1, cells=16, energy=482/900
║   Entity 80 @ (206,15) v=(-0.0,0.0) spd=0.0 mode=BREED: species=6, gen=0, cells=3, energy=296/296
╚══════════════════════════════════════════════════════════════════╝

[DEATH] Entity 8: gen=0, species=1, fitness=-0.00, survived=4014 ticks
[DEATH] Entity 56: gen=0, species=4, fitness=0.00, survived=4016 ticks
[DEATH] Entity 64: gen=0, species=3, fitness=-0.00, survived=4022 ticks
[DEATH] Entity 65: gen=0, species=3, fitness=0.91, survived=4032 ticks
[BIRTH] Entity 51 @ (204,15): gen=3, nodes=34, genes=199, species=2
[DEATH] Entity 69: gen=0, species=2, fitness=2.23, survived=4130 ticks
[BIRTH] Entity 59 @ (185,-3): gen=4, nodes=34, genes=132, species=2
[DEATH] Entity 31: gen=0, species=5, fitness=-0.00, survived=4186 ticks
[BIRTH] Entity 85 @ (202,15): gen=3, nodes=34, genes=247, species=2
[BIRTH] Entity 94 @ (207,-2): gen=2, nodes=34, genes=316, species=1
[DEATH] Entity 94: gen=2, species=1, fitness=-0.00, survived=4248 ticks
[BIRTH] Entity 77 @ (184,21): gen=4, nodes=34, genes=106, species=2
[DEATH] Entity 80: gen=0, species=6, fitness=2.27, survived=4316 ticks
[DEATH] Entity 62: gen=0, species=1, fitness=2.27, survived=4330 ticks
[DEATH] Entity 38: gen=0, species=1, fitness=2.26, survived=4335 ticks
[BIRTH] Entity 67 @ (200,15): gen=3, nodes=34, genes=322, species=2
[DEATH] Entity 91: gen=4, species=2, fitness=-0.00, survived=4368 ticks
[DEATH] Entity 58: gen=0, species=1, fitness=0.43, survived=4378 ticks
[BIRTH] Entity 3 @ (444,15): gen=1, nodes=34, genes=21, species=1
[BIRTH] Entity 7 @ (215,5): gen=2, nodes=34, genes=337, species=1
[BIRTH] Entity 22 @ (184,31): gen=4, nodes=34, genes=127, species=2
[DEATH] Entity 79: gen=0, species=1, fitness=-0.00, survived=4452 ticks
[BIRTH] Entity 54 @ (198,15): gen=3, nodes=34, genes=57, species=2
[DEATH] Entity 7: gen=2, species=1, fitness=-0.00, survived=4475 ticks
[DEATH] Entity 9: gen=0, species=4, fitness=2.28, survived=4488 ticks
[DEATH] Entity 32: gen=0, species=4, fitness=2.30, survived=4490 ticks
╔══════════════════════════════════════════════════════════════════╗
║ NEURAL EVOLUTION @ Tick 4500 (Gen 1)                              
╠══════════════════════════════════════════════════════════════════╣
║ Species: 7 | Total Members: 37 | Best Fitness: 2.51
║ Total Offspring: 57 | Avg Staleness: 0.1
╠══════════════════════════════════════════════════════════════════╣
║ Neural Organisms: 37
║ Brain Complexity:
║   Nodes: avg=34.0, min=34, max=34
║   Genes: avg=141.4, min=17, max=338
╠══════════════════════════════════════════════════════════════════╣
║ TOP SPECIES:
║   #1: Species 2 - 23 members, age=1, stale=0, fit=2.3, offspring=33
║   #2: Species 1 - 5 members, age=1, stale=0, fit=2.3, offspring=23
║   #3: Species 5 - 3 members, age=1, stale=1, fit=1.3, offspring=0
║   #4: Species 4 - 2 members, age=1, stale=0, fit=2.3, offspring=0
║   #5: Species 8 - 2 members, age=1, stale=0, fit=2.3, offspring=0
║   #6: Species 3 - 1 members, age=1, stale=0, fit=2.1, offspring=1
║   #7: Species 6 - 1 members, age=1, stale=0, fit=2.5, offspring=0
╠══════════════════════════════════════════════════════════════════╣
║ DETAILED ORGANISM DATA (sample of 10):
║   Entity 6 @ (198,15) v=(-0.0,0.0) spd=0.0 mode=BREED: species=2, gen=0, cells=2, energy=102/231
║   Entity 67 @ (198,15) v=(-0.0,0.0) spd=0.0 mode=SURVIVE: species=2, gen=3, cells=16, energy=96/1118
║   Entity 10 @ (1183,171) v=(0.3,-0.1) spd=0.3 mode=SURVIVE: species=5, gen=0, cells=2, energy=9/200
║   Entity 88 @ (198,15) v=(-0.0,0.0) spd=0.0 mode=SURVIVE: species=2, gen=1, cells=3, energy=78/310
║   Entity 76 @ (198,15) v=(-0.0,0.0) spd=0.0 mode=SURVIVE: species=2, gen=3, cells=16, energy=118/1366
║   Entity 96 @ (469,15) v=(-0.1,0.0) spd=0.1 mode=BREED: species=1, gen=1, cells=16, energy=467/900
║   Entity 47 @ (198,15) v=(-0.0,0.0) spd=0.0 mode=SURVIVE: species=5, gen=2, cells=16, energy=351/906
║   Entity 46 @ (198,15) v=(-0.0,0.0) spd=0.0 mode=SURVIVE: species=4, gen=1, cells=7, energy=37/496
║   Entity 19 @ (1095,379) v=(0.1,-0.2) spd=0.3 mode=BREED: species=2, gen=0, cells=1, energy=70/150
║   Entity 48 @ (198,15) v=(-0.0,0.0) spd=0.0 mode=SURVIVE: species=2, gen=4, cells=16, energy=126/904
╚══════════════════════════════════════════════════════════════════╝

[DEATH] Entity 3: gen=1, species=1, fitness=-0.00, survived=4515 ticks
[DEATH] Entity 19: gen=0, species=2, fitness=1.08, survived=4518 ticks
[DEATH] Entity 73: gen=0, species=8, fitness=2.29, survived=4543 ticks
[DEATH] Entity 88: gen=1, species=2, fitness=-0.00, survived=4544 ticks
[BIRTH] Entity 36 @ (204,34): gen=2, nodes=34, genes=338, species=1
[BIRTH] Entity 53 @ (197,18): gen=3, nodes=34, genes=198, species=2
[DEATH] Entity 41: gen=0, species=2, fitness=-0.00, survived=4594 ticks
[BIRTH] Entity 61 @ (203,30): gen=4, nodes=34, genes=132, species=2
[DEATH] Entity 87: gen=1, species=1, fitness=-0.00, survived=4641 ticks
[DEATH] Entity 46: gen=1, species=4, fitness=-0.00, survived=4711 ticks
[BIRTH] Entity 69 @ (196,15): gen=4, nodes=34, genes=158, species=2
[BIRTH] Entity 94 @ (195,15): gen=4, nodes=34, genes=129, species=2
[BIRTH] Entity 58 @ (194,15): gen=4, nodes=34, genes=73, species=3 [SPECIATED: 2->3]
[DEATH] Entity 58: gen=4, species=3, fitness=-0.00, survived=4989 ticks
╔══════════════════════════════════════════════════════════════════╗
║ NEURAL EVOLUTION @ Tick 5000 (Gen 1)                              
╠══════════════════════════════════════════════════════════════════╣
║ Species: 7 | Total Members: 35 | Best Fitness: 2.51
║ Total Offspring: 63 | Avg Staleness: 0.1
╠══════════════════════════════════════════════════════════════════╣
║ Neural Organisms: 35
║ Brain Complexity:
║   Nodes: avg=34.0, min=34, max=34
║   Genes: avg=148.3, min=17, max=338
╠══════════════════════════════════════════════════════════════════╣
║ TOP SPECIES:
║   #1: Species 2 - 24 members, age=1, stale=0, fit=2.3, offspring=38
║   #2: Species 1 - 4 members, age=1, stale=0, fit=2.3, offspring=24
║   #3: Species 5 - 3 members, age=1, stale=1, fit=1.3, offspring=0
║   #4: Species 3 - 1 members, age=1, stale=0, fit=2.1, offspring=1
║   #5: Species 4 - 1 members, age=1, stale=0, fit=2.3, offspring=0
║   #6: Species 6 - 1 members, age=1, stale=0, fit=2.5, offspring=0
║   #7: Species 8 - 1 members, age=1, stale=0, fit=2.3, offspring=0
╠══════════════════════════════════════════════════════════════════╣
║ DETAILED ORGANISM DATA (sample of 10):
║   Entity 53 @ (194,15) v=(-0.0,0.0) spd=0.0 mode=SURVIVE: species=2, gen=3, cells=16, energy=197/1228
║   Entity 22 @ (194,15) v=(-0.0,0.0) spd=0.0 mode=SURVIVE: species=2, gen=4, cells=16, energy=29/932
║   Entity 59 @ (194,15) v=(-0.0,0.0) spd=0.0 mode=SURVIVE: species=2, gen=4, cells=16, energy=111/904
║   Entity 6 @ (194,15) v=(-0.0,0.0) spd=0.0 mode=BREED: species=2, gen=0, cells=2, energy=101/231
║   Entity 67 @ (194,15) v=(-0.0,0.0) spd=0.0 mode=SURVIVE: species=2, gen=3, cells=16, energy=84/1118
║   Entity 61 @ (194,15) v=(-0.0,0.0) spd=0.0 mode=SURVIVE: species=2, gen=4, cells=16, energy=90/904
║   Entity 10 @ (32,148) v=(0.2,-0.2) spd=0.3 mode=SURVIVE: species=5, gen=0, cells=2, energy=7/200
║   Entity 85 @ (194,15) v=(-0.0,0.0) spd=0.0 mode=SURVIVE: species=2, gen=3, cells=16, energy=133/1061
║   Entity 76 @ (194,15) v=(-0.0,0.0) spd=0.0 mode=SURVIVE: species=2, gen=3, cells=16, energy=111/1366
║   Entity 96 @ (296,160) v=(-0.7,0.3) spd=0.7 mode=BREED: species=1, gen=1, cells=8, energy=455/500
╚══════════════════════════════════════════════════════════════════╝

Reached max ticks (5000), stopping.

Simulation complete.
  Total ticks: 5000
  Elapsed time: 2.381s
  Average: 2100 ticks/sec
